[ 2019-03-06T16:31:04+08:00 ] 127.0.0.1 /index.php/Admin/Login/login.html
INFO: [ app_init ] --START--
INFO: Run Behavior\BuildLiteBehavior [ RunTime:0.000015s ]
INFO: [ app_init ] --END-- [ RunTime:0.233588s ]
INFO: [ app_begin ] --START--
INFO: Run Behavior\ReadHtmlCacheBehavior [ RunTime:0.001344s ]
INFO: [ app_begin ] --END-- [ RunTime:0.001400s ]
SQL: SHOW COLUMNS FROM `zxw_zk_sys_config_def` [ RunTime:0.1938s ]
SQL: SELECT * FROM `zxw_zk_sys_config_def`  [ RunTime:0.0026s ]
INFO: [ view_parse ] --START--
INFO: [ template_filter ] --START--
INFO: Run Behavior\ContentReplaceBehavior [ RunTime:0.001064s ]
INFO: [ template_filter ] --END-- [ RunTime:0.001137s ]
INFO: Run Behavior\ParseTemplateBehavior [ RunTime:0.097364s ]
INFO: [ view_parse ] --END-- [ RunTime:0.097422s ]
INFO: [ view_filter ] --START--
INFO: Run Behavior\WriteHtmlCacheBehavior [ RunTime:0.009731s ]
INFO: [ view_filter ] --END-- [ RunTime:0.009860s ]
INFO: [ app_end ] --START--
INFO: Run Behavior\ShowPageTraceBehavior [ RunTime:0.031920s ]
INFO: [ app_end ] --END-- [ RunTime:0.032016s ]

[ 2019-03-06T16:31:05+08:00 ] 127.0.0.1 /index.php/admin/login/checkIsLogin
INFO: [ app_init ] --START--
INFO: Run Behavior\BuildLiteBehavior [ RunTime:0.000012s ]
INFO: [ app_init ] --END-- [ RunTime:0.000573s ]
INFO: [ app_begin ] --START--
INFO: Run Behavior\ReadHtmlCacheBehavior [ RunTime:0.001052s ]
INFO: [ app_begin ] --END-- [ RunTime:0.001090s ]
SQL: SHOW COLUMNS FROM `zxw_zk_sys_config_def` [ RunTime:0.0424s ]
SQL: SELECT * FROM `zxw_zk_sys_config_def`  [ RunTime:0.0023s ]
NOTIC: [8] Undefined variable: return E:\wamp\www\zxw_zk\Application\Admin\Controller\LoginController.class.php 第 71 行.

[ 2019-03-06T16:31:05+08:00 ] 127.0.0.1 /index.php/admin/SysPrivInfo/getPriviledges
INFO: [ app_init ] --START--
INFO: Run Behavior\BuildLiteBehavior [ RunTime:0.000017s ]
INFO: [ app_init ] --END-- [ RunTime:0.000619s ]
INFO: [ app_begin ] --START--
INFO: Run Behavior\ReadHtmlCacheBehavior [ RunTime:0.000696s ]
INFO: [ app_begin ] --END-- [ RunTime:0.000740s ]
SQL: SHOW COLUMNS FROM `zxw_zk_sys_config_def` [ RunTime:0.0387s ]
SQL: SELECT * FROM `zxw_zk_sys_config_def`  [ RunTime:0.0021s ]
SQL: SHOW COLUMNS FROM `zxw_zk_sys_priv_cat` [ RunTime:0.1472s ]
SQL: SHOW COLUMNS FROM `zxw_zk_sys_priv_info` [ RunTime:0.0590s ]
NOTIC: [8] Undefined index: user_id E:\wamp\www\zxw_zk\Application\Admin\Controller\SysPrivInfoController.class.php 第 103 行.
INFO: [ app_end ] --START--
INFO: Run Behavior\ShowPageTraceBehavior [ RunTime:0.001279s ]
INFO: [ app_end ] --END-- [ RunTime:0.001409s ]

[ 2019-03-06T16:31:06+08:00 ] 127.0.0.1 /index.php/Admin/login/verify_c.html
INFO: [ app_init ] --START--
INFO: Run Behavior\BuildLiteBehavior [ RunTime:0.000011s ]
INFO: [ app_init ] --END-- [ RunTime:0.000542s ]
INFO: [ app_begin ] --START--
INFO: Run Behavior\ReadHtmlCacheBehavior [ RunTime:0.001161s ]
INFO: [ app_begin ] --END-- [ RunTime:0.001214s ]
SQL: SHOW COLUMNS FROM `zxw_zk_sys_config_def` [ RunTime:0.0434s ]
SQL: SELECT * FROM `zxw_zk_sys_config_def`  [ RunTime:0.0026s ]
INFO: [ app_end ] --START--
INFO: Run Behavior\ShowPageTraceBehavior [ RunTime:0.001048s ]
INFO: [ app_end ] --END-- [ RunTime:0.001111s ]

[ 2019-03-06T16:31:09+08:00 ] 127.0.0.1 /
INFO: [ app_init ] --START--
INFO: Run Behavior\BuildLiteBehavior [ RunTime:0.000011s ]
INFO: [ app_init ] --END-- [ RunTime:0.000437s ]
INFO: [ app_begin ] --START--
INFO: Run Behavior\ReadHtmlCacheBehavior [ RunTime:0.000677s ]
INFO: [ app_begin ] --END-- [ RunTime:0.000716s ]
SQL: SHOW COLUMNS FROM `zxw_zk_sys_config_def` [ RunTime:0.0079s ]
SQL: SELECT * FROM `zxw_zk_sys_config_def`  [ RunTime:0.0015s ]
NOTIC: [8] Undefined index: user_id E:\wamp\www\zxw_zk\Application\Admin\Controller\IndexController.class.php 第 25 行.

[ 2019-03-06T16:31:09+08:00 ] 127.0.0.1 /index.php/Admin/Login/login.html
INFO: [ app_init ] --START--
INFO: Run Behavior\BuildLiteBehavior [ RunTime:0.000012s ]
INFO: [ app_init ] --END-- [ RunTime:0.000363s ]
INFO: [ app_begin ] --START--
INFO: Run Behavior\ReadHtmlCacheBehavior [ RunTime:0.000420s ]
INFO: [ app_begin ] --END-- [ RunTime:0.000457s ]
SQL: SHOW COLUMNS FROM `zxw_zk_sys_config_def` [ RunTime:0.0143s ]
SQL: SELECT * FROM `zxw_zk_sys_config_def`  [ RunTime:0.0024s ]
INFO: [ view_parse ] --START--
INFO: [ template_filter ] --START--
INFO: Run Behavior\ContentReplaceBehavior [ RunTime:0.000067s ]
INFO: [ template_filter ] --END-- [ RunTime:0.000105s ]
INFO: Run Behavior\ParseTemplateBehavior [ RunTime:0.006683s ]
INFO: [ view_parse ] --END-- [ RunTime:0.006722s ]
INFO: [ view_filter ] --START--
INFO: Run Behavior\WriteHtmlCacheBehavior [ RunTime:0.000468s ]
INFO: [ view_filter ] --END-- [ RunTime:0.000496s ]
INFO: [ app_end ] --START--
INFO: Run Behavior\ShowPageTraceBehavior [ RunTime:0.000883s ]
INFO: [ app_end ] --END-- [ RunTime:0.000945s ]

[ 2019-03-06T16:31:10+08:00 ] 127.0.0.1 /index.php/Admin/login/verify_c.html
INFO: [ app_init ] --START--
INFO: Run Behavior\BuildLiteBehavior [ RunTime:0.000032s ]
INFO: [ app_init ] --END-- [ RunTime:0.000593s ]
INFO: [ app_begin ] --START--
INFO: Run Behavior\ReadHtmlCacheBehavior [ RunTime:0.002076s ]
INFO: [ app_begin ] --END-- [ RunTime:0.002134s ]
SQL: SHOW COLUMNS FROM `zxw_zk_sys_config_def` [ RunTime:0.0092s ]
SQL: SELECT * FROM `zxw_zk_sys_config_def`  [ RunTime:0.0106s ]
INFO: [ app_end ] --START--
INFO: Run Behavior\ShowPageTraceBehavior [ RunTime:0.001359s ]
INFO: [ app_end ] --END-- [ RunTime:0.001423s ]

[ 2019-03-06T16:31:10+08:00 ] 127.0.0.1 /index.php/admin/SysPrivInfo/getPriviledges
INFO: [ app_init ] --START--
INFO: Run Behavior\BuildLiteBehavior [ RunTime:0.000012s ]
INFO: [ app_init ] --END-- [ RunTime:0.000367s ]
INFO: [ app_begin ] --START--
INFO: Run Behavior\ReadHtmlCacheBehavior [ RunTime:0.000431s ]
INFO: [ app_begin ] --END-- [ RunTime:0.000473s ]
SQL: SHOW COLUMNS FROM `zxw_zk_sys_config_def` [ RunTime:0.0104s ]
SQL: SELECT * FROM `zxw_zk_sys_config_def`  [ RunTime:0.0026s ]
SQL: SHOW COLUMNS FROM `zxw_zk_sys_priv_cat` [ RunTime:0.0186s ]
SQL: SHOW COLUMNS FROM `zxw_zk_sys_priv_info` [ RunTime:0.0116s ]
NOTIC: [8] Undefined index: user_id E:\wamp\www\zxw_zk\Application\Admin\Controller\SysPrivInfoController.class.php 第 103 行.
INFO: [ app_end ] --START--
INFO: Run Behavior\ShowPageTraceBehavior [ RunTime:0.000530s ]
INFO: [ app_end ] --END-- [ RunTime:0.000560s ]

[ 2019-03-06T16:31:10+08:00 ] 127.0.0.1 /index.php/admin/login/checkIsLogin
INFO: [ app_init ] --START--
INFO: Run Behavior\BuildLiteBehavior [ RunTime:0.000010s ]
INFO: [ app_init ] --END-- [ RunTime:0.000449s ]
INFO: [ app_begin ] --START--
INFO: Run Behavior\ReadHtmlCacheBehavior [ RunTime:0.001473s ]
INFO: [ app_begin ] --END-- [ RunTime:0.001632s ]
SQL: SHOW COLUMNS FROM `zxw_zk_sys_config_def` [ RunTime:0.0228s ]
SQL: SELECT * FROM `zxw_zk_sys_config_def`  [ RunTime:0.0016s ]
NOTIC: [8] Undefined variable: return E:\wamp\www\zxw_zk\Application\Admin\Controller\LoginController.class.php 第 71 行.

